2023-02-15 11:01:02 INFO  SecurityConfig:27 - Configuration complete
2023-02-15 11:01:47 WARN  FOUserAgent:97 - The following feature isn't implemented by Apache FOP, yet: table-layout="auto" (on fo:table) (No context info available)
2023-02-15 11:01:47 WARN  FOUserAgent:97 - The following feature isn't implemented by Apache FOP, yet: table-layout="auto" (on fo:table) (No context info available)
2023-02-15 11:01:48 WARN  FOUserAgent:94 - Font "Symbol,normal,700" not found. Substituting with "Symbol,normal,400".
2023-02-15 11:01:48 WARN  FOUserAgent:94 - Font "ZapfDingbats,normal,700" not found. Substituting with "ZapfDingbats,normal,400".
2023-02-15 11:01:48 INFO  FOUserAgent:83 - Rendered page #1.
2023-02-15 11:05:45 INFO  SecurityConfig:27 - Configuration complete
2023-02-15 11:07:38 INFO  SecurityConfig:27 - Configuration complete
2023-02-15 11:10:09 INFO  SecurityConfig:27 - Configuration complete
2023-02-15 11:11:55 INFO  SecurityConfig:27 - Configuration complete
2023-02-15 11:12:27 INFO  SecurityConfig:27 - Configuration complete
2023-02-15 11:12:31 WARN  FOUserAgent:97 - The following feature isn't implemented by Apache FOP, yet: table-layout="auto" (on fo:table) (No context info available)
2023-02-15 11:12:31 WARN  FOUserAgent:97 - The following feature isn't implemented by Apache FOP, yet: table-layout="auto" (on fo:table) (No context info available)
2023-02-15 11:12:31 WARN  FOUserAgent:94 - Font "Symbol,normal,700" not found. Substituting with "Symbol,normal,400".
2023-02-15 11:12:31 WARN  FOUserAgent:94 - Font "ZapfDingbats,normal,700" not found. Substituting with "ZapfDingbats,normal,400".
2023-02-15 11:12:32 INFO  FOUserAgent:83 - Rendered page #1.
2023-02-15 11:12:32 WARN  FOUserAgent:97 - The following feature isn't implemented by Apache FOP, yet: table-layout="auto" (on fo:table) (No context info available)
2023-02-15 11:12:32 WARN  FOUserAgent:97 - The following feature isn't implemented by Apache FOP, yet: table-layout="auto" (on fo:table) (No context info available)
2023-02-15 11:12:32 WARN  FOUserAgent:94 - Font "Symbol,normal,700" not found. Substituting with "Symbol,normal,400".
2023-02-15 11:12:32 WARN  FOUserAgent:94 - Font "ZapfDingbats,normal,700" not found. Substituting with "ZapfDingbats,normal,400".
2023-02-15 11:12:32 INFO  FOUserAgent:83 - Rendered page #1.
2023-02-15 11:12:32 WARN  FOUserAgent:97 - The following feature isn't implemented by Apache FOP, yet: table-layout="auto" (on fo:table) (No context info available)
2023-02-15 11:12:32 WARN  FOUserAgent:97 - The following feature isn't implemented by Apache FOP, yet: table-layout="auto" (on fo:table) (No context info available)
2023-02-15 11:12:32 WARN  FOUserAgent:94 - Font "Symbol,normal,700" not found. Substituting with "Symbol,normal,400".
2023-02-15 11:12:32 WARN  FOUserAgent:94 - Font "ZapfDingbats,normal,700" not found. Substituting with "ZapfDingbats,normal,400".
2023-02-15 11:12:32 INFO  FOUserAgent:83 - Rendered page #1.
2023-02-15 11:12:32 WARN  FOUserAgent:97 - The following feature isn't implemented by Apache FOP, yet: table-layout="auto" (on fo:table) (No context info available)
2023-02-15 11:12:32 WARN  FOUserAgent:97 - The following feature isn't implemented by Apache FOP, yet: table-layout="auto" (on fo:table) (No context info available)
2023-02-15 11:12:32 WARN  FOUserAgent:94 - Font "Symbol,normal,700" not found. Substituting with "Symbol,normal,400".
2023-02-15 11:12:32 WARN  FOUserAgent:94 - Font "ZapfDingbats,normal,700" not found. Substituting with "ZapfDingbats,normal,400".
2023-02-15 11:12:33 INFO  FOUserAgent:83 - Rendered page #1.
2023-02-15 11:12:33 WARN  FOUserAgent:97 - The following feature isn't implemented by Apache FOP, yet: table-layout="auto" (on fo:table) (No context info available)
2023-02-15 11:12:33 WARN  FOUserAgent:97 - The following feature isn't implemented by Apache FOP, yet: table-layout="auto" (on fo:table) (No context info available)
2023-02-15 11:12:33 WARN  FOUserAgent:94 - Font "Symbol,normal,700" not found. Substituting with "Symbol,normal,400".
2023-02-15 11:12:33 WARN  FOUserAgent:94 - Font "ZapfDingbats,normal,700" not found. Substituting with "ZapfDingbats,normal,400".
2023-02-15 11:12:33 INFO  FOUserAgent:83 - Rendered page #1.
2023-02-15 11:12:33 WARN  FOUserAgent:97 - The following feature isn't implemented by Apache FOP, yet: table-layout="auto" (on fo:table) (No context info available)
2023-02-15 11:12:33 WARN  FOUserAgent:97 - The following feature isn't implemented by Apache FOP, yet: table-layout="auto" (on fo:table) (No context info available)
2023-02-15 11:12:33 WARN  FOUserAgent:94 - Font "Symbol,normal,700" not found. Substituting with "Symbol,normal,400".
2023-02-15 11:12:33 WARN  FOUserAgent:94 - Font "ZapfDingbats,normal,700" not found. Substituting with "ZapfDingbats,normal,400".
2023-02-15 11:12:33 INFO  FOUserAgent:83 - Rendered page #1.
2023-02-15 11:12:33 WARN  FOUserAgent:97 - The following feature isn't implemented by Apache FOP, yet: table-layout="auto" (on fo:table) (No context info available)
2023-02-15 11:12:33 WARN  FOUserAgent:97 - The following feature isn't implemented by Apache FOP, yet: table-layout="auto" (on fo:table) (No context info available)
2023-02-15 11:12:33 WARN  FOUserAgent:94 - Font "Symbol,normal,700" not found. Substituting with "Symbol,normal,400".
2023-02-15 11:12:33 WARN  FOUserAgent:94 - Font "ZapfDingbats,normal,700" not found. Substituting with "ZapfDingbats,normal,400".
2023-02-15 11:12:33 INFO  FOUserAgent:83 - Rendered page #1.
2023-02-15 11:12:33 WARN  FOUserAgent:97 - The following feature isn't implemented by Apache FOP, yet: table-layout="auto" (on fo:table) (No context info available)
2023-02-15 11:12:33 WARN  FOUserAgent:97 - The following feature isn't implemented by Apache FOP, yet: table-layout="auto" (on fo:table) (No context info available)
2023-02-15 11:12:33 WARN  FOUserAgent:94 - Font "Symbol,normal,700" not found. Substituting with "Symbol,normal,400".
2023-02-15 11:12:33 WARN  FOUserAgent:94 - Font "ZapfDingbats,normal,700" not found. Substituting with "ZapfDingbats,normal,400".
2023-02-15 11:12:33 INFO  FOUserAgent:83 - Rendered page #1.
2023-02-15 11:18:00 INFO  SecurityConfig:27 - Configuration complete
2023-02-15 11:19:14 WARN  FOUserAgent:97 - The following feature isn't implemented by Apache FOP, yet: table-layout="auto" (on fo:table) (No context info available)
2023-02-15 11:19:14 WARN  FOUserAgent:97 - The following feature isn't implemented by Apache FOP, yet: table-layout="auto" (on fo:table) (No context info available)
2023-02-15 11:19:14 WARN  FOUserAgent:94 - Font "Symbol,normal,700" not found. Substituting with "Symbol,normal,400".
2023-02-15 11:19:14 WARN  FOUserAgent:94 - Font "ZapfDingbats,normal,700" not found. Substituting with "ZapfDingbats,normal,400".
2023-02-15 11:19:14 INFO  FOUserAgent:83 - Rendered page #1.
2023-02-15 12:34:15 INFO  SecurityConfig:27 - Configuration complete
2023-02-15 12:49:50 WARN  FOUserAgent:97 - The following feature isn't implemented by Apache FOP, yet: table-layout="auto" (on fo:table) (No context info available)
2023-02-15 12:49:50 WARN  FOUserAgent:97 - The following feature isn't implemented by Apache FOP, yet: table-layout="auto" (on fo:table) (No context info available)
2023-02-15 12:49:51 WARN  FOUserAgent:94 - Font "Symbol,normal,700" not found. Substituting with "Symbol,normal,400".
2023-02-15 12:49:51 WARN  FOUserAgent:94 - Font "ZapfDingbats,normal,700" not found. Substituting with "ZapfDingbats,normal,400".
2023-02-15 12:49:51 INFO  FOUserAgent:83 - Rendered page #1.
2023-02-15 12:50:27 INFO  SecurityConfig:27 - Configuration complete
2023-02-15 12:53:03 WARN  FOUserAgent:97 - The following feature isn't implemented by Apache FOP, yet: table-layout="auto" (on fo:table) (No context info available)
2023-02-15 12:53:03 WARN  FOUserAgent:97 - The following feature isn't implemented by Apache FOP, yet: table-layout="auto" (on fo:table) (No context info available)
2023-02-15 12:53:03 WARN  FOUserAgent:94 - Font "Symbol,normal,700" not found. Substituting with "Symbol,normal,400".
2023-02-15 12:53:03 WARN  FOUserAgent:94 - Font "ZapfDingbats,normal,700" not found. Substituting with "ZapfDingbats,normal,400".
2023-02-15 12:53:04 INFO  FOUserAgent:83 - Rendered page #1.
2023-02-15 13:26:23 WARN  FOUserAgent:97 - The following feature isn't implemented by Apache FOP, yet: table-layout="auto" (on fo:table) (No context info available)
2023-02-15 13:26:23 WARN  FOUserAgent:97 - The following feature isn't implemented by Apache FOP, yet: table-layout="auto" (on fo:table) (No context info available)
2023-02-15 13:26:23 WARN  FOUserAgent:94 - Font "Symbol,normal,700" not found. Substituting with "Symbol,normal,400".
2023-02-15 13:26:23 WARN  FOUserAgent:94 - Font "ZapfDingbats,normal,700" not found. Substituting with "ZapfDingbats,normal,400".
2023-02-15 13:26:23 INFO  FOUserAgent:83 - Rendered page #1.
2023-02-15 13:27:41 WARN  FOUserAgent:97 - The following feature isn't implemented by Apache FOP, yet: table-layout="auto" (on fo:table) (No context info available)
2023-02-15 13:27:41 WARN  FOUserAgent:97 - The following feature isn't implemented by Apache FOP, yet: table-layout="auto" (on fo:table) (No context info available)
2023-02-15 13:27:41 WARN  FOUserAgent:94 - Font "Symbol,normal,700" not found. Substituting with "Symbol,normal,400".
2023-02-15 13:27:41 WARN  FOUserAgent:94 - Font "ZapfDingbats,normal,700" not found. Substituting with "ZapfDingbats,normal,400".
2023-02-15 13:27:41 INFO  FOUserAgent:83 - Rendered page #1.
2023-02-15 13:29:10 WARN  FOUserAgent:97 - The following feature isn't implemented by Apache FOP, yet: table-layout="auto" (on fo:table) (No context info available)
2023-02-15 13:29:10 WARN  FOUserAgent:97 - The following feature isn't implemented by Apache FOP, yet: table-layout="auto" (on fo:table) (No context info available)
2023-02-15 13:29:10 WARN  FOUserAgent:94 - Font "Symbol,normal,700" not found. Substituting with "Symbol,normal,400".
2023-02-15 13:29:10 WARN  FOUserAgent:94 - Font "ZapfDingbats,normal,700" not found. Substituting with "ZapfDingbats,normal,400".
2023-02-15 13:29:10 INFO  FOUserAgent:83 - Rendered page #1.
2023-02-15 13:31:36 WARN  FOUserAgent:97 - The following feature isn't implemented by Apache FOP, yet: table-layout="auto" (on fo:table) (No context info available)
2023-02-15 13:31:36 WARN  FOUserAgent:97 - The following feature isn't implemented by Apache FOP, yet: table-layout="auto" (on fo:table) (No context info available)
2023-02-15 13:31:36 WARN  FOUserAgent:94 - Font "Symbol,normal,700" not found. Substituting with "Symbol,normal,400".
2023-02-15 13:31:36 WARN  FOUserAgent:94 - Font "ZapfDingbats,normal,700" not found. Substituting with "ZapfDingbats,normal,400".
2023-02-15 13:31:36 INFO  FOUserAgent:83 - Rendered page #1.
2023-02-15 13:31:52 WARN  FOUserAgent:97 - The following feature isn't implemented by Apache FOP, yet: table-layout="auto" (on fo:table) (No context info available)
2023-02-15 13:31:52 WARN  FOUserAgent:97 - The following feature isn't implemented by Apache FOP, yet: table-layout="auto" (on fo:table) (No context info available)
2023-02-15 13:31:52 WARN  FOUserAgent:94 - Font "Symbol,normal,700" not found. Substituting with "Symbol,normal,400".
2023-02-15 13:31:52 WARN  FOUserAgent:94 - Font "ZapfDingbats,normal,700" not found. Substituting with "ZapfDingbats,normal,400".
2023-02-15 13:31:53 INFO  FOUserAgent:83 - Rendered page #1.
2023-02-15 13:33:47 WARN  FOUserAgent:97 - The following feature isn't implemented by Apache FOP, yet: table-layout="auto" (on fo:table) (No context info available)
2023-02-15 13:33:47 WARN  FOUserAgent:97 - The following feature isn't implemented by Apache FOP, yet: table-layout="auto" (on fo:table) (No context info available)
2023-02-15 13:33:47 WARN  FOUserAgent:94 - Font "Symbol,normal,700" not found. Substituting with "Symbol,normal,400".
2023-02-15 13:33:47 WARN  FOUserAgent:94 - Font "ZapfDingbats,normal,700" not found. Substituting with "ZapfDingbats,normal,400".
2023-02-15 13:33:47 INFO  FOUserAgent:83 - Rendered page #1.
2023-02-15 13:38:00 WARN  FOUserAgent:97 - The following feature isn't implemented by Apache FOP, yet: table-layout="auto" (on fo:table) (No context info available)
2023-02-15 13:38:00 WARN  FOUserAgent:97 - The following feature isn't implemented by Apache FOP, yet: table-layout="auto" (on fo:table) (No context info available)
2023-02-15 13:38:00 WARN  FOUserAgent:94 - Font "Symbol,normal,700" not found. Substituting with "Symbol,normal,400".
2023-02-15 13:38:00 WARN  FOUserAgent:94 - Font "ZapfDingbats,normal,700" not found. Substituting with "ZapfDingbats,normal,400".
2023-02-15 13:38:00 INFO  FOUserAgent:83 - Rendered page #1.
2023-02-15 13:42:20 WARN  FOUserAgent:97 - The following feature isn't implemented by Apache FOP, yet: table-layout="auto" (on fo:table) (No context info available)
2023-02-15 13:42:20 WARN  FOUserAgent:97 - The following feature isn't implemented by Apache FOP, yet: table-layout="auto" (on fo:table) (No context info available)
2023-02-15 13:42:20 WARN  FOUserAgent:94 - Font "Symbol,normal,700" not found. Substituting with "Symbol,normal,400".
2023-02-15 13:42:20 WARN  FOUserAgent:94 - Font "ZapfDingbats,normal,700" not found. Substituting with "ZapfDingbats,normal,400".
2023-02-15 13:42:20 INFO  FOUserAgent:83 - Rendered page #1.
2023-02-15 14:11:32 INFO  SecurityConfig:27 - Configuration complete
2023-02-15 14:11:42 WARN  FOUserAgent:97 - The following feature isn't implemented by Apache FOP, yet: table-layout="auto" (on fo:table) (No context info available)
2023-02-15 14:11:42 WARN  FOUserAgent:97 - The following feature isn't implemented by Apache FOP, yet: table-layout="auto" (on fo:table) (No context info available)
2023-02-15 14:11:42 WARN  FOUserAgent:94 - Font "Symbol,normal,700" not found. Substituting with "Symbol,normal,400".
2023-02-15 14:11:42 WARN  FOUserAgent:94 - Font "ZapfDingbats,normal,700" not found. Substituting with "ZapfDingbats,normal,400".
2023-02-15 14:11:42 INFO  FOUserAgent:83 - Rendered page #1.
2023-02-15 14:34:36 INFO  SecurityConfig:27 - Configuration complete
2023-02-15 18:21:50 WARN  FOUserAgent:97 - The following feature isn't implemented by Apache FOP, yet: table-layout="auto" (on fo:table) (No context info available)
2023-02-15 18:21:51 WARN  FOUserAgent:97 - The following feature isn't implemented by Apache FOP, yet: table-layout="auto" (on fo:table) (No context info available)
2023-02-15 18:21:51 WARN  FOUserAgent:94 - Font "Symbol,normal,700" not found. Substituting with "Symbol,normal,400".
2023-02-15 18:21:51 WARN  FOUserAgent:94 - Font "ZapfDingbats,normal,700" not found. Substituting with "ZapfDingbats,normal,400".
2023-02-15 18:21:51 INFO  FOUserAgent:83 - Rendered page #1.
2023-02-16 10:01:28 INFO  SecurityConfig:27 - Configuration complete
2023-02-16 11:26:22 WARN  FOUserAgent:97 - The following feature isn't implemented by Apache FOP, yet: table-layout="auto" (on fo:table) (No context info available)
2023-02-16 11:26:22 WARN  FOUserAgent:97 - The following feature isn't implemented by Apache FOP, yet: table-layout="auto" (on fo:table) (No context info available)
2023-02-16 11:26:23 WARN  FOUserAgent:94 - Font "Symbol,normal,700" not found. Substituting with "Symbol,normal,400".
2023-02-16 11:26:23 WARN  FOUserAgent:94 - Font "ZapfDingbats,normal,700" not found. Substituting with "ZapfDingbats,normal,400".
2023-02-16 11:26:25 INFO  FOUserAgent:83 - Rendered page #1.
2023-02-16 11:26:26 WARN  FOUserAgent:97 - The following feature isn't implemented by Apache FOP, yet: table-layout="auto" (on fo:table) (No context info available)
2023-02-16 11:26:26 WARN  FOUserAgent:97 - The following feature isn't implemented by Apache FOP, yet: table-layout="auto" (on fo:table) (No context info available)
2023-02-16 11:26:26 WARN  FOUserAgent:94 - Font "Symbol,normal,700" not found. Substituting with "Symbol,normal,400".
2023-02-16 11:26:26 WARN  FOUserAgent:94 - Font "ZapfDingbats,normal,700" not found. Substituting with "ZapfDingbats,normal,400".
2023-02-16 11:26:27 INFO  FOUserAgent:83 - Rendered page #1.
2023-02-16 11:26:49 WARN  FOUserAgent:97 - The following feature isn't implemented by Apache FOP, yet: table-layout="auto" (on fo:table) (No context info available)
2023-02-16 11:26:49 WARN  FOUserAgent:97 - The following feature isn't implemented by Apache FOP, yet: table-layout="auto" (on fo:table) (No context info available)
2023-02-16 11:26:49 WARN  FOUserAgent:94 - Font "Symbol,normal,700" not found. Substituting with "Symbol,normal,400".
2023-02-16 11:26:49 WARN  FOUserAgent:94 - Font "ZapfDingbats,normal,700" not found. Substituting with "ZapfDingbats,normal,400".
2023-02-16 11:26:49 INFO  FOUserAgent:83 - Rendered page #1.
2023-02-16 11:26:53 WARN  FOUserAgent:97 - The following feature isn't implemented by Apache FOP, yet: table-layout="auto" (on fo:table) (No context info available)
2023-02-16 11:26:53 WARN  FOUserAgent:97 - The following feature isn't implemented by Apache FOP, yet: table-layout="auto" (on fo:table) (No context info available)
2023-02-16 11:26:53 WARN  FOUserAgent:94 - Font "Symbol,normal,700" not found. Substituting with "Symbol,normal,400".
2023-02-16 11:26:53 WARN  FOUserAgent:94 - Font "ZapfDingbats,normal,700" not found. Substituting with "ZapfDingbats,normal,400".
2023-02-16 11:26:54 INFO  FOUserAgent:83 - Rendered page #1.
2023-02-16 11:28:02 WARN  FOUserAgent:97 - The following feature isn't implemented by Apache FOP, yet: table-layout="auto" (on fo:table) (No context info available)
2023-02-16 11:28:02 WARN  FOUserAgent:97 - The following feature isn't implemented by Apache FOP, yet: table-layout="auto" (on fo:table) (No context info available)
2023-02-16 11:28:02 WARN  FOUserAgent:94 - Font "Symbol,normal,700" not found. Substituting with "Symbol,normal,400".
2023-02-16 11:28:02 WARN  FOUserAgent:94 - Font "ZapfDingbats,normal,700" not found. Substituting with "ZapfDingbats,normal,400".
2023-02-16 11:28:02 INFO  FOUserAgent:83 - Rendered page #1.
2023-02-16 11:28:23 WARN  FOUserAgent:97 - The following feature isn't implemented by Apache FOP, yet: table-layout="auto" (on fo:table) (No context info available)
2023-02-16 11:28:23 WARN  FOUserAgent:97 - The following feature isn't implemented by Apache FOP, yet: table-layout="auto" (on fo:table) (No context info available)
2023-02-16 11:28:23 WARN  FOUserAgent:94 - Font "Symbol,normal,700" not found. Substituting with "Symbol,normal,400".
2023-02-16 11:28:23 WARN  FOUserAgent:94 - Font "ZapfDingbats,normal,700" not found. Substituting with "ZapfDingbats,normal,400".
2023-02-16 11:28:23 INFO  FOUserAgent:83 - Rendered page #1.
2023-02-16 11:30:17 WARN  FOUserAgent:97 - The following feature isn't implemented by Apache FOP, yet: table-layout="auto" (on fo:table) (No context info available)
2023-02-16 11:30:17 WARN  FOUserAgent:97 - The following feature isn't implemented by Apache FOP, yet: table-layout="auto" (on fo:table) (No context info available)
2023-02-16 11:30:17 WARN  FOUserAgent:94 - Font "Symbol,normal,700" not found. Substituting with "Symbol,normal,400".
2023-02-16 11:30:18 WARN  FOUserAgent:94 - Font "ZapfDingbats,normal,700" not found. Substituting with "ZapfDingbats,normal,400".
2023-02-16 11:30:18 INFO  FOUserAgent:83 - Rendered page #1.
2023-02-16 11:30:23 WARN  FOUserAgent:97 - The following feature isn't implemented by Apache FOP, yet: table-layout="auto" (on fo:table) (No context info available)
2023-02-16 11:30:23 WARN  FOUserAgent:97 - The following feature isn't implemented by Apache FOP, yet: table-layout="auto" (on fo:table) (No context info available)
2023-02-16 11:30:23 WARN  FOUserAgent:94 - Font "Symbol,normal,700" not found. Substituting with "Symbol,normal,400".
2023-02-16 11:30:23 WARN  FOUserAgent:94 - Font "ZapfDingbats,normal,700" not found. Substituting with "ZapfDingbats,normal,400".
2023-02-16 11:30:23 INFO  FOUserAgent:83 - Rendered page #1.
2023-02-16 11:39:46 WARN  FOUserAgent:97 - The following feature isn't implemented by Apache FOP, yet: table-layout="auto" (on fo:table) (No context info available)
2023-02-16 11:39:46 WARN  FOUserAgent:97 - The following feature isn't implemented by Apache FOP, yet: table-layout="auto" (on fo:table) (No context info available)
2023-02-16 11:39:46 WARN  FOUserAgent:94 - Font "Symbol,normal,700" not found. Substituting with "Symbol,normal,400".
2023-02-16 11:39:46 WARN  FOUserAgent:94 - Font "ZapfDingbats,normal,700" not found. Substituting with "ZapfDingbats,normal,400".
2023-02-16 11:39:46 INFO  FOUserAgent:83 - Rendered page #1.
2023-02-17 16:30:20 INFO  SecurityConfig:27 - Configuration complete
2023-02-17 16:31:52 WARN  FOUserAgent:97 - The following feature isn't implemented by Apache FOP, yet: table-layout="auto" (on fo:table) (No context info available)
2023-02-17 16:31:52 WARN  FOUserAgent:97 - The following feature isn't implemented by Apache FOP, yet: table-layout="auto" (on fo:table) (No context info available)
2023-02-17 16:31:52 WARN  FOUserAgent:94 - Font "Symbol,normal,700" not found. Substituting with "Symbol,normal,400".
2023-02-17 16:31:52 WARN  FOUserAgent:94 - Font "ZapfDingbats,normal,700" not found. Substituting with "ZapfDingbats,normal,400".
2023-02-17 16:31:53 INFO  FOUserAgent:83 - Rendered page #1.
